<?xml version="1.0" encoding="UTF-8"?>
<!-- Generated by org.testng.reporters.JUnitReportReporter -->
<testsuite hostname="DESKTOP-3ATBMV1" failures="0" tests="1" name="Testng.TestCase" time="7.467" errors="0" timestamp="2023-07-29T15:57:20 IST" skipped="0">
  <testcase classname="Testng.TestCase" name="Invalid_credential" time="7.467"/>
</testsuite> <!-- Testng.TestCase -->
