<?xml version="1.0" encoding="UTF-8"?>
<!-- Generated by org.testng.reporters.JUnitReportReporter -->
<testsuite hostname="DESKTOP-3ATBMV1" failures="0" tests="1" name="Testng.TestCase" time="6.793" errors="0" timestamp="2023-07-29T11:19:22 IST" skipped="0">
  <testcase classname="Testng.TestCase" name="valid_credential" time="6.793"/>
</testsuite> <!-- Testng.TestCase -->
