<?xml version="1.0" encoding="UTF-8"?>
<!-- Generated by org.testng.reporters.JUnitReportReporter -->
<testsuite hostname="DESKTOP-3ATBMV1" failures="0" tests="2" name="Extent_Report.Test2" time="0.003" errors="0" timestamp="2023-08-02T16:00:59 IST" skipped="0">
  <testcase classname="Extent_Report.Test2" name="Test1" time="0.002"/>
  <testcase classname="Extent_Report.Test2" name="Test2" time="0.001"/>
</testsuite> <!-- Extent_Report.Test2 -->
